<?xml version="1.0" encoding="UTF-8"?>
<!-- Generated by org.testng.reporters.JUnitReportReporter -->
<testsuite hostname="DESKTOP-K4JO2NN" failures="0" tests="1" name="testng_exercises.uploadprofile" time="22.373" errors="0" timestamp="2021-01-26T19:32:42 IST" skipped="0">
  <testcase classname="testng_exercises.uploadprofile" name="f" time="22.373"/>
  <system-out/>
</testsuite> <!-- testng_exercises.uploadprofile -->
