<?xml version="1.0" encoding="UTF-8"?>
<!-- Generated by org.testng.reporters.JUnitReportReporter -->
<testsuite hostname="DESKTOP-K4JO2NN" failures="0" tests="1" name="testng_exercises.NewTest" time="0.071" errors="0" timestamp="2021-01-12T13:41:51 IST" skipped="0">
  <testcase classname="testng_exercises.NewTest" name="f" time="0.071"/>
  <system-out/>
</testsuite> <!-- testng_exercises.NewTest -->
